<?xml version="1.0" encoding="UTF-8"?>
<testng-results ignored="0" total="1" passed="1" failed="0" skipped="0">
  <reporter-output>
  </reporter-output>
  <suite started-at="2026-09-10T16:41:09 IST" name="OrangeHRMSuite" finished-at="2026-09-10T16:41:20 IST" duration-ms="11053">
    <groups>
    </groups>
    <test started-at="2026-09-10T16:41:09 IST" name="OrangeHRMTest" finished-at="2026-09-10T16:41:20 IST" duration-ms="11053">
      <class name="com.orangehrm.test.LoginTest">
        <test-method is-config="true" signature="setup()[pri:0, instance:com.orangehrm.test.LoginTest@815b41f]" started-at="2026-09-10T16:40:41 IST" name="setup" finished-at="2026-09-10T16:41:09 IST" duration-ms="27905" status="PASS">
          <reporter-output>
          </reporter-output>
        </test-method> <!-- setup -->
        <test-method is-config="true" signature="setupLogin()[pri:0, instance:com.orangehrm.test.LoginTest@815b41f]" started-at="2026-09-10T16:41:09 IST" name="setupLogin" finished-at="2026-09-10T16:41:09 IST" duration-ms="28" status="PASS">
          <reporter-output>
          </reporter-output>
        </test-method> <!-- setupLogin -->
        <test-method signature="login()[pri:0, instance:com.orangehrm.test.LoginTest@815b41f]" started-at="2026-09-10T16:41:09 IST" name="login" finished-at="2026-09-10T16:41:20 IST" duration-ms="10603" status="PASS">
          <reporter-output>
          </reporter-output>
        </test-method> <!-- login -->
        <test-method is-config="true" signature="quit()[pri:0, instance:com.orangehrm.test.LoginTest@815b41f]" started-at="2026-09-10T16:41:20 IST" name="quit" finished-at="2026-09-10T16:41:20 IST" duration-ms="361" status="PASS">
          <reporter-output>
          </reporter-output>
        </test-method> <!-- quit -->
      </class> <!-- com.orangehrm.test.LoginTest -->
    </test> <!-- OrangeHRMTest -->
  </suite> <!-- OrangeHRMSuite -->
</testng-results>
