<?xml version="1.0" encoding="UTF-8"?>
<testng-results ignored="0" total="1" passed="1" failed="0" skipped="0">
  <reporter-output>
  </reporter-output>
  <suite started-at="2026-09-08T16:02:55 IST" name="Default suite" finished-at="2026-09-08T16:03:15 IST" duration-ms="19682">
    <groups>
    </groups>
    <test started-at="2026-09-08T16:02:55 IST" name="Default test" finished-at="2026-09-08T16:03:15 IST" duration-ms="19682">
      <class name="com.orangehrm.test.Class1">
        <test-method is-config="true" signature="setup()[pri:0, instance:com.orangehrm.test.Class1@5a9d6f02]" started-at="2026-09-08T16:02:55 IST" name="setup" finished-at="2026-09-08T16:03:06 IST" duration-ms="10334" status="PASS">
          <reporter-output>
          </reporter-output>
        </test-method> <!-- setup -->
        <test-method signature="class1()[pri:0, instance:com.orangehrm.test.Class1@5a9d6f02]" started-at="2026-09-08T16:03:06 IST" name="class1" finished-at="2026-09-08T16:03:06 IST" duration-ms="24" status="PASS">
          <reporter-output>
          </reporter-output>
        </test-method> <!-- class1 -->
        <test-method is-config="true" signature="quit()[pri:0, instance:com.orangehrm.test.Class1@5a9d6f02]" started-at="2026-09-08T16:03:06 IST" name="quit" finished-at="2026-09-08T16:03:15 IST" duration-ms="9267" status="PASS">
          <reporter-output>
          </reporter-output>
        </test-method> <!-- quit -->
      </class> <!-- com.orangehrm.test.Class1 -->
    </test> <!-- Default test -->
  </suite> <!-- Default suite -->
</testng-results>
